166667 0 2 0 0
166667 0 2 0 1
166667 0 2 0 2
166667 0 2 0 3
166667 0 2 0 4
166666 3 0 5 0
166666 3 0 4 0
166666 3 0 3 0
166666 3 0 2 0
166666 3 0 1 0
166666 3 0 0 0
166666 3 0 0 1
166666 3 0 0 2
166666 3 0 0 3
166666 3 0 0 4
166666 2 0 5 0
166666 2 0 4 0
166666 2 0 3 0
166666 2 0 2 0
166666 2 0 1 0
166666 2 0 0 0
166666 2 0 0 1
166666 2 0 0 2
166666 2 0 0 3
166666 2 0 0 4
166666 1 0 5 0
166666 1 0 4 0
166666 1 0 3 0
166666 1 0 2 0
166666 1 0 1 0
166666 1 0 0 0
166666 1 0 0 1
166666 1 0 0 2
166666 1 0 0 3
166666 1 0 0 4
166666 0 0 5 0
166666 0 0 4 0
166666 0 0 3 0
166666 0 0 2 0
166666 0 0 1 0
166666 0 0 0 0
166666 0 0 0 1
166666 0 0 0 2
166666 0 0 0 3
166666 0 0 0 4
166666 0 0 0 5
166666 0 1 4 0
166666 0 1 3 0
166666 0 1 2 0
166666 0 1 1 0
166666 0 1 0 0
166666 0 1 0 1
166666 0 1 0 2
166666 0 1 0 3
166666 0 1 0 4
166666 0 1 0 5
166666 0 2 4 0
166666 0 2 3 0
166666 0 2 2 0
166666 0 2 1 0
151379 0 0 0 1
166392 0 0 0 0
159650 0 2 0 3
152240 0 2 0 3
154469 1 0 4 0
156752 1 0 3 0
159461 0 0 4 0
158311 0 2 0 0
152593 3 0 0 2
160635 0 2 2 0
165751 1 0 0 1
164008 1 0 1 0
162328 3 0 2 0
163834 3 0 0 2
150094 0 2 2 0
162172 2 0 0 2
164204 2 0 0 4
151200 3 0 0 3
157830 0 1 1 0
163802 0 2 4 0
150333 0 2 3 0
165329 2 0 0 4
155188 2 0 0 1
161235 1 0 0 2
164337 1 0 4 0
154453 0 1 0 3
166376 1 0 2 0
157193 0 1 4 0
155594 2 0 3 0
157263 0 1 0 4
162553 3 0 1 0
161910 0 0 2 0
159166 2 0 0 1
150254 0 0 3 0
157388 2 0 2 0
163012 2 0 4 0
157670 3 0 1 0
157658 0 1 0 3
153056 0 1 3 0
150586 1 0 5 0
